<html>
<body>
<pre>
<h1>µVision Build Log</h1>
<h2>Project:</h2>
C:\Users\student\Desktop\210905400_M.V.Balaji\Lab2\sample\samp.uvproj
Project File Date:  02/08/2023

<h2>Output:</h2>
Build target 'Target 1'
assembling samp.s...
samp.s(19): error: A1163E: Unknown opcode VALUE1 , expecting opcode or Macro
samp.s(20): error: A1163E: Unknown opcode VALUE2 , expecting opcode or Macro
samp.s(21): error: A1163E: Unknown opcode data, , expecting opcode or Macro
samp.s(22): error: A1163E: Unknown opcode RESULT , expecting opcode or Macro
samp.s(24): warning: A1447W: Missing END directive at end of file, but found a label named END
".\samp.axf" - 4 Error(s), 1 Warning(s).
Target not created
</pre>
</body>
</html>
 'C:\Users\student\Desktop\210905400_M.V.Balaji\Lab2\sample\samp.axf'. Debugger aborted !
